<?xml version="1.0" encoding="UTF-8"?>
<!-- Generated by org.testng.reporters.JUnitReportReporter -->
<testsuite hostname="LTIN485892" failures="0" tests="1" name="testCases.TC_009_VerifyLegends" time="0.068" errors="0" timestamp="2024-04-02T15:44:34 IST" skipped="0">
  <testcase classname="testCases.TC_009_VerifyLegends" name="verifyLast15Days" time="0.068"/>
</testsuite> <!-- testCases.TC_009_VerifyLegends -->
