<?xml version="1.0" encoding="UTF-8"?>
<!-- Generated by org.testng.reporters.JUnitReportReporter -->
<testsuite hostname="LTIN485892" failures="0" tests="1" name="testCases.TC_005_VerifyWeekDetails" time="2.002" errors="0" timestamp="2024-04-02T15:44:34 IST" skipped="0">
  <testcase classname="testCases.TC_005_VerifyWeekDetails" name="comparingWeek" time="2.002"/>
</testsuite> <!-- testCases.TC_005_VerifyWeekDetails -->
