<?xml version="1.0" encoding="UTF-8"?>
<!-- Generated by org.testng.reporters.JUnitReportReporter -->
<testsuite hostname="LTIN485892" failures="0" tests="1" name="testCases.TC_007_VerifyMonthAndYear" time="0.067" errors="0" timestamp="2024-04-02T15:44:34 IST" skipped="0">
  <testcase classname="testCases.TC_007_VerifyMonthAndYear" name="verifyPresentMonYear" time="0.067"/>
</testsuite> <!-- testCases.TC_007_VerifyMonthAndYear -->
