<?xml version="1.0" encoding="UTF-8"?>
<!-- Generated by org.testng.reporters.JUnitReportReporter -->
<testsuite hostname="LTIN485892" failures="0" tests="1" name="testCases.TC_004_ClickOnTruTime" time="0.339" errors="0" timestamp="2024-04-02T15:44:34 IST" skipped="0">
  <testcase classname="testCases.TC_004_ClickOnTruTime" name="verifyTruTime" time="0.339"/>
</testsuite> <!-- testCases.TC_004_ClickOnTruTime -->
